\BOOKMARK [1][-]{section.1}{\376\377\000I\000n\000t\000r\000o\000d\000u\000c\000t\000i\000o\000n}{}% 1
\BOOKMARK [1][-]{section.2}{\376\377\000O\000v\000e\000r\000v\000i\000e\000w\000\040\000o\000f\000\040\000t\000h\000e\000\040\000p\000a\000p\000e\000r}{}% 2
\BOOKMARK [1][-]{section.3}{\376\377\000P\000r\000o\000j\000e\000c\000t\000o\000r\000\040\000M\000a\000t\000r\000i\000x\000\040\000P\000r\000o\000d\000u\000c\000t\000\040\000O\000p\000e\000r\000a\000t\000o\000r\000s}{}% 3
\BOOKMARK [2][-]{subsection.3.1}{\376\377\000D\000e\000f\000i\000n\000i\000t\000i\000o\000n}{section.3}% 4
\BOOKMARK [2][-]{subsection.3.2}{\376\377\000F\000u\000s\000i\000o\000n\000\040\000t\000e\000n\000s\000o\000r\000s}{section.3}% 5
\BOOKMARK [2][-]{subsection.3.3}{\376\377\000H\000e\000r\000m\000i\000t\000i\000c\000i\000t\000y\000,\000\040\000d\000u\000a\000l\000i\000t\000y\000\040\000a\000n\000d\000\040\000u\000n\000i\000t\000a\000l\000\040\000s\000t\000r\000u\000c\000t\000u\000r\000e}{section.3}% 6
\BOOKMARK [2][-]{subsection.3.4}{\376\377\000A\000s\000s\000o\000c\000i\000a\000t\000i\000v\000i\000t\000y\000\040\000a\000n\000d\000\040\000t\000h\000e\000\040\000p\000e\000n\000t\000a\000g\000o\000n\000\040\000e\000q\000u\000a\000t\000i\000o\000n}{section.3}% 7
\BOOKMARK [1][-]{section.4}{\376\377\000M\000P\000O\000-\000i\000n\000j\000e\000c\000t\000i\000v\000e\000\040\000P\000E\000P\000S}{}% 8
\BOOKMARK [2][-]{subsection.4.1}{\376\377\000U\000n\000i\000t\000a\000r\000i\000t\000y\000,\000\040\000z\000i\000p\000p\000e\000r\000\040\000c\000o\000n\000d\000i\000t\000i\000o\000n\000\040\000a\000n\000d\000\040\000p\000i\000v\000o\000t\000a\000l\000\040\000s\000t\000r\000u\000c\000t\000u\000r\000e}{section.4}% 9
\BOOKMARK [2][-]{subsection.4.2}{\376\377\000E\000n\000t\000a\000n\000g\000l\000e\000d\000\040\000s\000u\000b\000s\000p\000a\000c\000e\000s}{section.4}% 10
\BOOKMARK [2][-]{subsection.4.3}{\376\377\000V\000i\000r\000t\000u\000a\000l\000\040\000s\000u\000p\000p\000o\000r\000t\000\040\000a\000n\000d\000\040\000p\000a\000r\000e\000n\000t\000\040\000H\000a\000m\000i\000l\000t\000o\000n\000i\000a\000n\000s}{section.4}% 11
\BOOKMARK [1][-]{section.5}{\376\377\000A\000n\000y\000o\000n\000\040\000s\000e\000c\000t\000o\000r\000s\000\040\000i\000n\000\040\000M\000P\000O\000-\000i\000n\000j\000e\000c\000t\000i\000v\000e\000\040\000P\000E\000P\000S}{}% 12
\BOOKMARK [2][-]{subsection.5.1}{\376\377\000T\000o\000p\000o\000l\000o\000g\000i\000c\000a\000l\000\040\000c\000h\000a\000r\000g\000e}{section.5}% 13
\BOOKMARK [2][-]{subsection.5.2}{\376\377\000A\000n\000y\000o\000n\000\040\000a\000n\000s\000a\000t\000z}{section.5}% 14
\BOOKMARK [2][-]{subsection.5.3}{\376\377\000G\000r\000o\000u\000n\000d\000\040\000s\000t\000a\000t\000e\000s\000\040\000o\000n\000\040\000t\000h\000e\000\040\000t\000o\000r\000u\000s\000\040\000a\000n\000d\000\040\000t\000h\000e\000\040\000S\000\040\000m\000a\000t\000r\000i\000x}{section.5}% 15
\BOOKMARK [2][-]{subsection.5.4}{\376\377\000T\000o\000p\000o\000l\000o\000g\000i\000c\000a\000l\000\040\000s\000p\000i\000n}{section.5}% 16
\BOOKMARK [2][-]{subsection.5.5}{\376\377\000F\000u\000s\000i\000o\000n}{section.5}% 17
\BOOKMARK [2][-]{subsection.5.6}{\376\377\000B\000r\000a\000i\000d\000i\000n\000g}{section.5}% 18
\BOOKMARK [1][-]{section.6}{\376\377\000E\000x\000a\000m\000p\000l\000e\000s}{}% 19
\BOOKMARK [2][-]{subsection.6.1}{\376\377\000D\000i\000s\000c\000r\000e\000t\000e\000\040\000g\000a\000u\000g\000e\000\040\000t\000h\000e\000o\000r\000i\000e\000s}{section.6}% 20
\BOOKMARK [3][-]{subsubsection.6.1.1}{\376\377\000T\000o\000p\000o\000l\000o\000g\000i\000c\000a\000l\000\040\000c\000h\000a\000r\000g\000e}{subsection.6.1}% 21
\BOOKMARK [3][-]{subsubsection.6.1.2}{\376\377\000A\000n\000y\000o\000n\000\040\000a\000n\000s\000a\000t\000z}{subsection.6.1}% 22
\BOOKMARK [3][-]{subsubsection.6.1.3}{\376\377\000T\000o\000p\000o\000l\000o\000g\000i\000c\000a\000l\000\040\000s\000p\000i\000n}{subsection.6.1}% 23
\BOOKMARK [3][-]{subsubsection.6.1.4}{\376\377\000F\000u\000s\000i\000o\000n}{subsection.6.1}% 24
\BOOKMARK [2][-]{subsection.6.2}{\376\377\000S\000t\000r\000i\000n\000g\000-\000n\000e\000t\000s}{section.6}% 25
\BOOKMARK [1][-]{section.7}{\376\377\000D\000i\000s\000c\000u\000s\000s\000i\000o\000n\000\040\000a\000n\000d\000\040\000o\000u\000t\000l\000o\000o\000k}{}% 26
\BOOKMARK [1][-]{appendix.A}{\376\377\000H\000e\000r\000m\000i\000t\000i\000a\000n\000\040\000P\000M\000P\000O\000s\000\040\000w\000i\000t\000h\000\040\000u\000n\000i\000t\000a\000l\000\040\000s\000t\000r\000u\000c\000t\000u\000r\000e\000\040\000a\000n\000d\000\040\000f\000u\000s\000i\000o\000n\000\040\000c\000a\000t\000e\000g\000o\000r\000i\000e\000s}{}% 27
\BOOKMARK [1][-]{appendix.B}{\376\377\000C\000*\000-\000A\000l\000g\000e\000b\000r\000a\000\040\000s\000t\000r\000u\000c\000t\000u\000r\000e\000\040\000o\000f\000\040\000A\000a\000b\000c\000d\000,}{}% 28
\BOOKMARK [2][-]{subsection.B.1}{\376\377\000C\000l\000o\000s\000e\000d\000n\000e\000s\000s\000\040\000u\000n\000d\000e\000r\000\040\000m\000u\000l\000t\000i\000p\000l\000i\000c\000a\000t\000i\000o\000n}{appendix.B}% 29
\BOOKMARK [2][-]{subsection.B.2}{\376\377\000C\000l\000o\000s\000e\000d\000n\000e\000s\000s\000\040\000u\000n\000d\000e\000r\000\040\000H\000e\000r\000m\000i\000t\000i\000a\000n\000\040\000c\000o\000n\000j\000u\000g\000a\000t\000i\000o\000n}{appendix.B}% 30
\BOOKMARK [1][-]{appendix.C}{\376\377\000F\000i\000n\000d\000i\000n\000g\000\040\000c\000e\000n\000t\000r\000a\000l\000\040\000i\000d\000e\000m\000p\000o\000t\000e\000n\000t\000s}{}% 31
\BOOKMARK [1][-]{appendix.D}{\376\377\000R\000e\000s\000u\000l\000t\000s\000\040\000f\000o\000r\000\040\000s\000t\000r\000i\000n\000g\000-\000n\000e\000t\000s}{}% 32
\BOOKMARK [2][-]{subsection.D.1}{\376\377\000F\000i\000b\000o\000n\000a\000c\000c\000i\000\040\000s\000t\000r\000i\000n\000g\000-\000n\000e\000t}{appendix.D}% 33
\BOOKMARK [3][-]{subsubsection.D.1.1}{\376\377\000M\000P\000O\000-\000t\000e\000n\000s\000o\000r\000s}{subsection.D.1}% 34
\BOOKMARK [3][-]{subsubsection.D.1.2}{\376\377\000C\000e\000n\000t\000r\000a\000l\000\040\000i\000d\000e\000m\000p\000o\000t\000e\000n\000t\000s}{subsection.D.1}% 35
\BOOKMARK [2][-]{subsection.D.2}{\376\377\000I\000s\000i\000n\000g\000\040\000s\000t\000r\000i\000n\000g\000-\000n\000e\000t}{appendix.D}% 36
\BOOKMARK [3][-]{subsubsection.D.2.1}{\376\377\000M\000P\000O\000-\000t\000e\000n\000s\000o\000r\000s}{subsection.D.2}% 37
\BOOKMARK [3][-]{subsubsection.D.2.2}{\376\377\000C\000e\000n\000t\000r\000a\000l\000\040\000i\000d\000e\000m\000p\000o\000t\000e\000n\000t\000s}{subsection.D.2}% 38
\BOOKMARK [2][-]{subsection.D.3}{\376\377\000R\000e\000p\000\050\000S\0003\000\051\000\040\000s\000t\000r\000i\000n\000g\000-\000n\000e\000t}{appendix.D}% 39
\BOOKMARK [3][-]{subsubsection.D.3.1}{\376\377\000M\000P\000O\000-\000t\000e\000n\000s\000o\000r\000s}{subsection.D.3}% 40
\BOOKMARK [3][-]{subsubsection.D.3.2}{\376\377\000C\000e\000n\000t\000r\000a\000l\000\040\000i\000d\000e\000m\000p\000o\000t\000e\000n\000t\000s}{subsection.D.3}% 41
\BOOKMARK [1][-]{appendix.E}{\376\377\000V\000a\000c\000u\000u\000m\000\040\000\050\000,\000\051\000-\000p\000a\000i\000r}{}% 42
\BOOKMARK [1][-]{appendix.F}{\376\377\000B\000r\000a\000i\000d\000i\000n\000g\000\040\000i\000n\000\040\000t\000h\000e\000\040\000F\000i\000b\000o\000n\000a\000c\000c\000i\000\040\000s\000t\000r\000i\000n\000g\000-\000n\000e\000t}{}% 43
\BOOKMARK [1][-]{section*.2}{\376\377\000R\000e\000f\000e\000r\000e\000n\000c\000e\000s}{}% 44
