\BOOKMARK [1][]{section.0}{\376\377\0000\000\040\000\040\060\176\060\110\060\114\060\115}{}% 1
\BOOKMARK [1][]{section.1}{\376\377\0001\000\040\000\040\130\064\060\156\164\006\212\326\000\050\220\037\177\322\000\051\000\040}{}% 2
\BOOKMARK [2][]{subsection.1.1}{\376\377\0001\000.\0001\000\040\000\040\000E\000u\000c\000l\000i\000d\172\172\225\223\060\153\060\112\060\121\060\213\130\064\060\156\164\006\212\326}{section.1}% 3
\BOOKMARK [2][]{subsection.1.2}{\376\377\0001\000.\0002\000\040\000\040\175\161\212\010\122\233\133\146\060\150\221\317\133\120\212\326\060\156\225\242\117\302}{section.1}% 4
\BOOKMARK [2][]{subsection.1.3}{\376\377\0001\000.\0003\000\040\000\040\157\024\173\227\133\120\137\142\137\017}{section.1}% 5
\BOOKMARK [2][]{subsection.1.4}{\376\377\0001\000.\0004\000\040\000\040\175\161\212\010\122\233\133\146\060\153\060\112\060\121\060\213\157\024\173\227\133\120\137\142\137\017}{section.1}% 6
\BOOKMARK [2][]{subsection.1.5}{\376\377\0001\000.\0005\000\040\000\040\167\037\172\172\162\266\141\113}{section.1}% 7
\BOOKMARK [2][]{subsection.1.6}{\376\377\0001\000.\0006\000\040\000\040\130\064\060\156\157\024\173\227\133\120\060\150\166\370\225\242\225\242\145\160}{section.1}% 8
\BOOKMARK [2][]{subsection.1.7}{\376\377\0001\000.\0007\000\040\000\040\116\000\202\054\166\204\060\152\221\317\133\120\123\026}{section.1}% 9
\BOOKMARK [1][]{section.2}{\376\377\0002\000\040\000\040\060\117\060\212\060\123\060\177\177\244}{}% 10
\BOOKMARK [2][]{subsection.2.1}{\376\377\0002\000.\0001\000\040\000\040\220\043\175\232\151\165\226\120\060\156\154\027\143\001\060\141}{section.2}% 11
\BOOKMARK [2][]{subsection.2.2}{\376\377\0002\000.\0002\000\040\000\040\150\074\133\120\130\064\060\156\164\006\212\326}{section.2}% 12
\BOOKMARK [2][]{subsection.2.3}{\376\377\0002\000.\0003\000\040\000\040\060\117\060\212\060\123\060\177\177\244}{section.2}% 13
\BOOKMARK [2][]{subsection.2.4}{\376\377\0002\000.\0004\000\040\000\040\126\372\133\232\160\271\060\150\201\350\165\114\163\376\214\141}{section.2}% 14
\BOOKMARK [2][]{subsection.2.5}{\376\377\0002\000.\0005\000\040\000\040\121\161\137\142\130\064\164\006\212\326}{section.2}% 15
\BOOKMARK [1][]{section.3}{\376\377\0003\000\040\000\040\121\161\137\142\116\015\131\011\140\047}{}% 16
\BOOKMARK [2][]{subsection.3.1}{\376\377\0003\000.\0001\000\040\000\040\000E\000u\000c\000l\000i\000d\177\244}{section.3}% 17
\BOOKMARK [2][]{subsection.3.2}{\376\377\0003\000.\0002\000\040\000\040\121\161\137\142\131\011\143\333\177\244}{section.3}% 18
\BOOKMARK [2][]{subsection.3.3}{\376\377\0003\000.\0003\000\040\000\040\172\115\060\156\230\006\136\217\060\153\060\144\060\104\060\146\060\156\154\350\141\017}{section.3}% 19
\BOOKMARK [2][]{subsection.3.4}{\376\377\0003\000.\0004\000\040\000\040\060\327\060\351\060\244\060\336\060\352\060\374\130\064}{section.3}% 20
\BOOKMARK [2][]{subsection.3.5}{\376\377\0003\000.\0005\000\040\000\040\060\307\060\243\060\273\060\363\060\300\060\363\060\310\130\064}{section.3}% 21
\BOOKMARK [2][]{subsection.3.6}{\376\377\0003\000.\0006\000\040\000\040\121\161\137\142\000C\000a\000s\000i\000m\000i\000r\157\024\173\227\133\120}{section.3}% 22
\BOOKMARK [1][]{section.4}{\376\377\0004\000\040\000\040\000N\000o\000e\000t\000h\000e\000r\060\156\133\232\164\006}{}% 23
\BOOKMARK [2][]{subsection.4.1}{\376\377\0004\000.\0001\000\040\000\040\000E\000u\000l\000e\000r\000-\000L\000a\000g\000r\000a\000n\000g\000e\145\271\172\013\137\017}{section.4}% 24
\BOOKMARK [2][]{subsection.4.2}{\376\377\0004\000.\0002\000\040\000\040\000N\000o\000e\000t\000h\000e\000r\060\156\133\232\164\006}{section.4}% 25
\BOOKMARK [2][]{subsection.4.3}{\376\377\0004\000.\0003\000\040\000\040\121\161\137\142\131\011\143\333\060\153\133\376\060\131\060\213\000N\000o\000e\000t\000h\000e\000r\060\156\133\232\164\006}{section.4}% 26
\BOOKMARK [2][]{subsection.4.4}{\376\377\0004\000.\0004\000\040\000\040\116\000\202\054\060\156\130\064\124\010\060\156\000N\000o\000e\000t\000h\000e\000r\060\253\060\354\060\363\060\310}{section.4}% 27
\BOOKMARK [2][]{subsection.4.5}{\376\377\0004\000.\0005\000\040\000\040\060\250\060\315\060\353\060\256\060\374\220\113\122\325\221\317\060\306\060\363\060\275\060\353\060\156\145\071\202\157\000\050\133\376\171\360\123\026\000\051\000\040}{section.4}% 28
\BOOKMARK [2][]{subsection.4.6}{\376\377\0004\000.\0006\000\040\000\040\060\250\060\315\060\353\060\256\060\374\220\113\122\325\221\317\060\306\060\363\060\275\060\353\060\156\145\071\202\157\000\050\060\310\060\354\060\374\060\271\060\354\060\271\123\026\000\051\000\040}{section.4}% 29
\BOOKMARK [2][]{subsection.4.7}{\376\377\0004\000.\0007\000\040\000\040\162\171\153\212\121\161\137\142\131\011\143\333}{section.4}% 30
\BOOKMARK [2][]{subsection.4.8}{\376\377\0004\000.\0008\000\040\000\040\060\250\060\315\060\353\060\256\060\374\220\113\122\325\221\317\060\306\060\363\060\275\060\353\060\156\122\045\133\232\177\251}{section.4}% 31
\BOOKMARK [1][]{section.5}{\376\377\0005\000\040\000\040\130\064\060\156\164\006\212\326\060\153\060\112\060\121\060\213\133\376\171\360\140\047}{}% 32
\BOOKMARK [2][]{subsection.5.1}{\376\377\0005\000.\0001\000\040\000\040\000S\000c\000h\000w\000i\000n\000g\000e\000r\000-\000D\000y\000s\000o\000n\145\271\172\013\137\017}{section.5}% 33
\BOOKMARK [2][]{subsection.5.2}{\376\377\0005\000.\0002\000\040\000\040\000W\000a\000r\000d\000-\000T\000a\000k\000a\000h\000a\000s\000h\000i\140\122\173\111\137\017}{section.5}% 34
\BOOKMARK [2][]{subsection.5.3}{\376\377\0005\000.\0003\000\040\000\040\060\310\060\335\060\355\060\270\060\253\060\353\157\024\173\227\133\120}{section.5}% 35
\BOOKMARK [2][]{subsection.5.4}{\376\377\0005\000.\0004\000\040\000\040\172\115\060\156\230\006\136\217\060\153\060\144\060\104\060\146\060\156\154\350\141\017}{section.5}% 36
\BOOKMARK [2][]{subsection.5.5}{\376\377\0005\000.\0005\000\040\000\040\121\161\137\142\131\011\143\333\060\153\133\376\060\131\060\213\000W\000a\000r\000d\000-\000T\000a\000k\000a\000h\000a\000s\000h\000i\140\122\173\111\137\017}{section.5}% 37
\BOOKMARK [1][]{section.6}{\376\377\0006\000\040\000\040\166\370\225\242\225\242\145\160}{}% 38
\BOOKMARK [2][]{subsection.6.1}{\376\377\0006\000.\0001\000\040\000\040\166\370\225\242\225\242\145\160\060\170\060\156\122\066\226\120}{section.6}% 39
\BOOKMARK [2][]{subsection.6.2}{\376\377\0006\000.\0002\000\040\000\040\0002\160\271\225\242\145\160}{section.6}% 40
\BOOKMARK [2][]{subsection.6.3}{\376\377\0006\000.\0003\000\040\000\040\0003\160\271\225\242\145\160}{section.6}% 41
\BOOKMARK [2][]{subsection.6.4}{\376\377\0006\000.\0004\000\040\000\040\0004\160\271\225\242\145\160}{section.6}% 42
\BOOKMARK [2][]{subsection.6.5}{\376\377\0006\000.\0005\000\040\000\040\060\306\060\363\060\275\060\353\157\024\173\227\133\120\060\156\166\370\225\242\225\242\145\160}{section.6}% 43
\BOOKMARK [1][]{section.7}{\376\377\0007\000\040\000\040\122\325\137\204\221\317\133\120\123\026}{}% 44
\BOOKMARK [2][]{subsection.7.1}{\376\377\0007\000.\0001\000\040\000\040\122\325\137\204\221\317\133\120\123\026}{section.7}% 45
\BOOKMARK [2][]{subsection.7.2}{\376\377\0007\000.\0002\000\040\000\040\167\037\172\172\162\266\141\113}{section.7}% 46
\BOOKMARK [2][]{subsection.7.3}{\376\377\0007\000.\0003\000\040\000\040\060\267\060\352\060\363\060\300\060\374\146\102\172\172}{section.7}% 47
\BOOKMARK [2][]{subsection.7.4}{\376\377\0007\000.\0004\000\040\000\040\060\267\060\352\060\363\060\300\060\374\146\102\172\172\060\156\157\024\173\227\133\120\137\142\137\017}{section.7}% 48
\BOOKMARK [2][]{subsection.7.5}{\376\377\0007\000.\0005\000\040\000\040\162\266\141\113\060\373\157\024\173\227\133\120\133\376\137\334}{section.7}% 49
\BOOKMARK [1][]{section.8}{\376\377\0008\000\040\000\040\060\346\060\313\060\277\060\352\060\306\060\243}{}% 50
\BOOKMARK [2][]{subsection.8.1}{\376\377\0008\000.\0001\000\040\000\040\000E\000u\000c\000l\000i\000d\172\172\225\223\060\153\060\112\060\121\060\213\121\161\137\171}{section.8}% 51
\BOOKMARK [2][]{subsection.8.2}{\376\377\0008\000.\0002\000\040\000\040\122\325\137\204\221\317\133\120\123\026\060\153\060\112\060\121\060\213\121\161\137\171}{section.8}% 52
\BOOKMARK [2][]{subsection.8.3}{\376\377\0008\000.\0003\000\040\000\040\060\346\060\313\060\277\060\352\060\306\060\243\060\150\223\341\146\040\153\143\120\044\140\047}{section.8}% 53
\BOOKMARK [2][]{subsection.8.4}{\376\377\0008\000.\0004\000\040\000\040\060\346\060\313\060\277\060\352\060\306\060\243\060\320\060\246\060\363\060\311}{section.8}% 54
\BOOKMARK [2][]{subsection.8.5}{\376\377\0008\000.\0005\000\040\000\040\060\271\060\324\060\363\060\222\143\001\060\144\157\024\173\227\133\120\060\156\060\346\060\313\060\277\060\352\060\306\060\243\060\320\060\246\060\363\060\311}{section.8}% 55
\BOOKMARK [1][]{section.9}{\376\377\0009\000\040\000\040\157\024\173\227\133\120\172\115\134\125\225\213}{}% 56
\BOOKMARK [2][]{subsection.9.1}{\376\377\0009\000.\0001\000\040\000\040\157\024\173\227\133\120\172\115\134\125\225\213\060\156\134\016\121\372}{section.9}% 57
\BOOKMARK [2][]{subsection.9.2}{\376\377\0009\000.\0002\000\040\000\040\121\161\137\142\116\015\131\011\140\047\060\150\060\156\145\164\124\010\140\047}{section.9}% 58
\BOOKMARK [2][]{subsection.9.3}{\376\377\0009\000.\0003\000\040\000\040\121\161\137\142\060\326\060\355\060\303\060\257}{section.9}% 59
\BOOKMARK [2][]{subsection.9.4}{\376\377\0009\000.\0004\000\040\000\040\121\161\137\142\000C\000a\000s\000i\000m\000i\000r\157\024\173\227\133\120\060\153\060\210\060\213\212\010\173\227}{section.9}% 60
\BOOKMARK [1][]{section.10}{\376\377\0001\0000\000\040\000\040\121\161\137\142\060\326\060\374\060\310\060\271\060\310\060\351\060\303\060\327}{}% 61
\BOOKMARK [2][]{subsection.10.1}{\376\377\0001\0000\000.\0001\000\040\000\040\116\244\135\356\133\376\171\360\140\047\000\050\000c\000r\000o\000s\000s\000i\000n\000g\000\040\000s\000y\000m\000m\000e\000t\000r\000y\000\051\000\040}{section.10}% 62
\BOOKMARK [2][]{subsection.10.2}{\376\377\0001\0000\000.\0002\000\040\000\040\121\161\137\142\060\307\060\374\060\277\060\153\133\376\060\131\060\213\122\066\226\120}{section.10}% 63
\BOOKMARK [2][]{subsection.10.3}{\376\377\0001\0000\000.\0003\000\040\000\040\0003\153\041\121\103\000I\000s\000i\000n\000g\152\041\127\213\060\170\060\156\220\151\165\050}{section.10}% 64
